app/build/outputs/logs/manifest-merger-release-report.txt
-- Merging decision tree log ---
manifest
ADDED from src\main\AndroidManifest.xml:2:1-373:12
	package
		ADDED from src\main\AndroidManifest.xml:3:5-35
		INJECTED from src\main\AndroidManifest.xml
		INJECTED from src\main\AndroidManifest.xml
	android:versionName
		ADDED from src\main\AndroidManifest.xml:6:5-30
		INJECTED from src\main\AndroidManifest.xml
		INJECTED from src\main\AndroidManifest.xml
	android:versionCode
		ADDED from src\main\AndroidManifest.xml:5:5-28
		INJECTED from src\main\AndroidManifest.xml
		INJECTED from src\main\AndroidManifest.xml
	xmlns:android
		ADDED from src\main\AndroidManifest.xml:2:11-69
	android:installLocation
		ADDED from src\main\AndroidManifest.xml:4:5-45
uses-sdk
ADDED from src\main\AndroidManifest.xml:8:5-10:41
MERGED from [com.android.support:multidex:1.0.1] AndroidManifest.xml:18:5-42
MERGED from [com.zhy:okhttputils:2.0.0] AndroidManifest.xml:7:5-9:41
	android:targetSdkVersion
		ADDED from src\main\AndroidManifest.xml:10:9-38
		INJECTED from src\main\AndroidManifest.xml
		INJECTED from src\main\AndroidManifest.xml
	android:minSdkVersion
		ADDED from src\main\AndroidManifest.xml:9:9-35
		INJECTED from src\main\AndroidManifest.xml
		INJECTED from src\main\AndroidManifest.xml
uses-permission#android.permission.VIBRATE
ADDED from src\main\AndroidManifest.xml:12:5-66
	android:name
		ADDED from src\main\AndroidManifest.xml:12:22-63
uses-permission#android.permission.INTERNET
ADDED from src\main\AndroidManifest.xml:13:5-67
MERGED from [com.zhy:okhttputils:2.0.0] AndroidManifest.xml:11:5-67
	android:name
		ADDED from src\main\AndroidManifest.xml:13:22-64
uses-permission#android.permission.CAMERA
ADDED from src\main\AndroidManifest.xml:14:5-65
	android:name
		ADDED from src\main\AndroidManifest.xml:14:22-62
uses-permission#android.permission.READ_PHONE_STATE
ADDED from src\main\AndroidManifest.xml:15:5-75
	android:name
		ADDED from src\main\AndroidManifest.xml:15:22-72
uses-permission#android.permission.MOUNT_UNMOUNT_FILESYSTEMS
ADDED from src\main\AndroidManifest.xml:16:5-84
	android:name
		ADDED from src\main\AndroidManifest.xml:16:22-81
uses-permission#android.permission.WRITE_EXTERNAL_STORAGE
ADDED from src\main\AndroidManifest.xml:17:5-81
MERGED from [com.zhy:okhttputils:2.0.0] AndroidManifest.xml:12:5-81
	android:name
		ADDED from src\main\AndroidManifest.xml:17:22-78
uses-permission#android.permission.WRITE_MEDIA_STORAGE
ADDED from src\main\AndroidManifest.xml:18:5-78
	android:name
		ADDED from src\main\AndroidManifest.xml:18:22-75
uses-permission#android.permission.CHANGE_NETWORK_STATE
ADDED from src\main\AndroidManifest.xml:19:5-79
	android:name
		ADDED from src\main\AndroidManifest.xml:19:22-76
uses-permission#android.permission.CHANGE_WIFI_STATE
ADDED from src\main\AndroidManifest.xml:20:5-76
	android:name
		ADDED from src\main\AndroidManifest.xml:20:22-73
uses-permission#android.permission.ACCESS_NETWORK_STATE
ADDED from src\main\AndroidManifest.xml:21:5-79
	android:name
		ADDED from src\main\AndroidManifest.xml:21:22-76
uses-permission#android.permission.ACCESS_WIFI_STATE
ADDED from src\main\AndroidManifest.xml:22:5-76
	android:name
		ADDED from src\main\AndroidManifest.xml:22:22-73
uses-permission#com.android.browser.permission.READ_HISTORY_BOOKMARKS
ADDED from src\main\AndroidManifest.xml:23:5-93
	android:name
		ADDED from src\main\AndroidManifest.xml:23:22-90
uses-permission#android.permission.WRITE_SETTINGS
ADDED from src\main\AndroidManifest.xml:24:5-73
	android:name
		ADDED from src\main\AndroidManifest.xml:24:22-70
uses-permission#android.permission.WAKE_LOCK
ADDED from src\main\AndroidManifest.xml:25:5-68
	android:name
		ADDED from src\main\AndroidManifest.xml:25:22-65
uses-permission#android.permission.DEVICE_POWER
ADDED from src\main\AndroidManifest.xml:26:5-71
	android:name
		ADDED from src\main\AndroidManifest.xml:26:22-68
uses-feature#android.hardware.camera
ADDED from src\main\AndroidManifest.xml:28:5-60
	android:name
		ADDED from src\main\AndroidManifest.xml:28:19-57
uses-feature#android.hardware.camera.autofocus
ADDED from src\main\AndroidManifest.xml:29:5-70
	android:name
		ADDED from src\main\AndroidManifest.xml:29:19-67
application
ADDED from src\main\AndroidManifest.xml:31:5-371:19
MERGED from [com.zhy:okhttputils:2.0.0] AndroidManifest.xml:14:5-17:19
	android:label
		ADDED from src\main\AndroidManifest.xml:35:9-41
	android:hardwareAccelerated
		ADDED from src\main\AndroidManifest.xml:38:9-44
	android:allowBackup
		ADDED from src\main\AndroidManifest.xml:33:9-35
	android:icon
		ADDED from src\main\AndroidManifest.xml:34:9-45
	android:largeHeap
		ADDED from src\main\AndroidManifest.xml:37:9-33
	android:theme
		ADDED from src\main\AndroidManifest.xml:36:9-43
	android:name
		ADDED from src\main\AndroidManifest.xml:32:9-64
activity#com.artgaller.reader.activity.FirstActivity
ADDED from src\main\AndroidManifest.xml:39:9-44:20
	android:screenOrientation
		ADDED from src\main\AndroidManifest.xml:42:13-49
	android:label
		ADDED from src\main\AndroidManifest.xml:41:13-50
	android:name
		ADDED from src\main\AndroidManifest.xml:40:13-71
activity#com.artgaller.reader.activity.GuideActivity
ADDED from src\main\AndroidManifest.xml:45:9-49:20
	android:screenOrientation
		ADDED from src\main\AndroidManifest.xml:48:13-49
	android:label
		ADDED from src\main\AndroidManifest.xml:47:13-50
	android:name
		ADDED from src\main\AndroidManifest.xml:46:13-71
activity#com.artgaller.reader.activity.LoginActivity
ADDED from src\main\AndroidManifest.xml:50:9-59:20
	android:screenOrientation
		ADDED from src\main\AndroidManifest.xml:53:13-49
	android:label
		ADDED from src\main\AndroidManifest.xml:52:13-50
	android:name
		ADDED from src\main\AndroidManifest.xml:51:13-71
intent-filter#android.intent.action.MAIN+android.intent.category.LAUNCHER
ADDED from src\main\AndroidManifest.xml:54:13-58:29
action#android.intent.action.MAIN
ADDED from src\main\AndroidManifest.xml:55:17-69
	android:name
		ADDED from src\main\AndroidManifest.xml:55:25-66
category#android.intent.category.LAUNCHER
ADDED from src\main\AndroidManifest.xml:57:17-77
	android:name
		ADDED from src\main\AndroidManifest.xml:57:27-74
activity#com.artgaller.reader.activity.ShuJiaActivity
ADDED from src\main\AndroidManifest.xml:60:9-64:20
	android:screenOrientation
		ADDED from src\main\AndroidManifest.xml:63:13-49
	android:label
		ADDED from src\main\AndroidManifest.xml:62:13-50
	android:name
		ADDED from src\main\AndroidManifest.xml:61:13-72
activity#com.artgaller.reader.activity.MainMenuActivity
ADDED from src\main\AndroidManifest.xml:65:9-70:20
	android:screenOrientation
		ADDED from src\main\AndroidManifest.xml:69:13-49
	android:label
		ADDED from src\main\AndroidManifest.xml:67:13-50
	android:launchMode
		ADDED from src\main\AndroidManifest.xml:68:13-44
	android:name
		ADDED from src\main\AndroidManifest.xml:66:13-74
activity#com.artgaller.reader.activity.Personal_Settings
ADDED from src\main\AndroidManifest.xml:71:9-75:20
	android:screenOrientation
		ADDED from src\main\AndroidManifest.xml:74:13-49
	android:label
		ADDED from src\main\AndroidManifest.xml:73:13-50
	android:name
		ADDED from src\main\AndroidManifest.xml:72:13-75
activity#com.artgaller.reader.activity.KechengActivity
ADDED from src\main\AndroidManifest.xml:76:9-80:20
	android:screenOrientation
		ADDED from src\main\AndroidManifest.xml:79:13-49
	android:label
		ADDED from src\main\AndroidManifest.xml:78:13-50
	android:name
		ADDED from src\main\AndroidManifest.xml:77:13-73
activity#com.artgaller.reader.activity.ZiLiaoJiaActivity
ADDED from src\main\AndroidManifest.xml:81:9-85:20
	android:screenOrientation
		ADDED from src\main\AndroidManifest.xml:84:13-49
	android:label
		ADDED from src\main\AndroidManifest.xml:83:13-50
	android:name
		ADDED from src\main\AndroidManifest.xml:82:13-75
activity#com.artgaller.reader.activity.ZiLiaoJiaManageActivity
ADDED from src\main\AndroidManifest.xml:86:9-90:20
	android:screenOrientation
		ADDED from src\main\AndroidManifest.xml:89:13-49
	android:label
		ADDED from src\main\AndroidManifest.xml:88:13-50
	android:name
		ADDED from src\main\AndroidManifest.xml:87:13-81
activity#com.artgaller.reader.activity.XiaoXiActivity
ADDED from src\main\AndroidManifest.xml:91:9-95:20
	android:screenOrientation
		ADDED from src\main\AndroidManifest.xml:94:13-49
	android:label
		ADDED from src\main\AndroidManifest.xml:93:13-50
	android:name
		ADDED from src\main\AndroidManifest.xml:92:13-72
activity#com.artgaller.reader.activity.YaoYiYaoActivity
ADDED from src\main\AndroidManifest.xml:96:9-100:20
	android:screenOrientation
		ADDED from src\main\AndroidManifest.xml:99:13-49
	android:label
		ADDED from src\main\AndroidManifest.xml:98:13-50
	android:name
		ADDED from src\main\AndroidManifest.xml:97:13-74
activity#com.artgaller.reader.activity.XiuGaiPassword
ADDED from src\main\AndroidManifest.xml:101:9-105:20
	android:screenOrientation
		ADDED from src\main\AndroidManifest.xml:104:13-49
	android:label
		ADDED from src\main\AndroidManifest.xml:103:13-50
	android:name
		ADDED from src\main\AndroidManifest.xml:102:13-72
activity#com.artgaller.reader.activity.LocalShuJiaActivity
ADDED from src\main\AndroidManifest.xml:106:9-110:20
	android:screenOrientation
		ADDED from src\main\AndroidManifest.xml:109:13-49
	android:label
		ADDED from src\main\AndroidManifest.xml:108:13-50
	android:name
		ADDED from src\main\AndroidManifest.xml:107:13-77
activity#com.artgaller.reader.activity.MipcaActivityCapture
ADDED from src\main\AndroidManifest.xml:111:9-117:20
	android:screenOrientation
		ADDED from src\main\AndroidManifest.xml:115:13-49
	android:label
		ADDED from src\main\AndroidManifest.xml:114:13-50
	android:windowSoftInputMode
		ADDED from src\main\AndroidManifest.xml:116:13-60
	android:configChanges
		ADDED from src\main\AndroidManifest.xml:113:13-63
	android:name
		ADDED from src\main\AndroidManifest.xml:112:13-78
activity#com.artgaller.reader.activity.BookXiangxiActivity
ADDED from src\main\AndroidManifest.xml:118:9-122:20
	android:screenOrientation
		ADDED from src\main\AndroidManifest.xml:121:13-49
	android:label
		ADDED from src\main\AndroidManifest.xml:120:13-50
	android:name
		ADDED from src\main\AndroidManifest.xml:119:13-77
activity#com.artgaller.reader.activity.YaoYiYaoResult
ADDED from src\main\AndroidManifest.xml:123:9-127:20
	android:screenOrientation
		ADDED from src\main\AndroidManifest.xml:126:13-49
	android:label
		ADDED from src\main\AndroidManifest.xml:125:13-50
	android:name
		ADDED from src\main\AndroidManifest.xml:124:13-72
activity#com.artgaller.reader.activity.NetActivity
ADDED from src\main\AndroidManifest.xml:128:9-133:20
	android:screenOrientation
		ADDED from src\main\AndroidManifest.xml:132:13-49
	android:label
		ADDED from src\main\AndroidManifest.xml:131:13-50
	android:hardwareAccelerated
		ADDED from src\main\AndroidManifest.xml:130:13-47
	android:name
		ADDED from src\main\AndroidManifest.xml:129:13-69
activity#com.artgaller.reader.activity.XiaoXiContentActivity
ADDED from src\main\AndroidManifest.xml:134:9-139:20
	android:screenOrientation
		ADDED from src\main\AndroidManifest.xml:138:13-49
	android:label
		ADDED from src\main\AndroidManifest.xml:137:13-50
	android:hardwareAccelerated
		ADDED from src\main\AndroidManifest.xml:136:13-47
	android:name
		ADDED from src\main\AndroidManifest.xml:135:13-79
activity#com.artgaller.reader.activity.ClassicBooksMainActivity
ADDED from src\main\AndroidManifest.xml:140:9-146:20
	android:screenOrientation
		ADDED from src\main\AndroidManifest.xml:144:13-49
	android:label
		ADDED from src\main\AndroidManifest.xml:143:13-50
	android:hardwareAccelerated
		ADDED from src\main\AndroidManifest.xml:142:13-47
	android:windowSoftInputMode
		ADDED from src\main\AndroidManifest.xml:145:13-64
	android:name
		ADDED from src\main\AndroidManifest.xml:141:13-82
activity#com.artgaller.reader.activity.ClassicBooksListActivity
ADDED from src\main\AndroidManifest.xml:147:9-152:20
	android:screenOrientation
		ADDED from src\main\AndroidManifest.xml:151:13-49
	android:label
		ADDED from src\main\AndroidManifest.xml:150:13-50
	android:hardwareAccelerated
		ADDED from src\main\AndroidManifest.xml:149:13-47
	android:name
		ADDED from src\main\AndroidManifest.xml:148:13-82
activity#com.artgaller.reader.activity.ClassicBooksContentActivity
ADDED from src\main\AndroidManifest.xml:153:9-158:20
	android:screenOrientation
		ADDED from src\main\AndroidManifest.xml:157:13-49
	android:label
		ADDED from src\main\AndroidManifest.xml:156:13-50
	android:hardwareAccelerated
		ADDED from src\main\AndroidManifest.xml:155:13-47
	android:name
		ADDED from src\main\AndroidManifest.xml:154:13-85
activity#com.artgaller.reader.activity.NewBooksContentActivity
ADDED from src\main\AndroidManifest.xml:159:9-164:20
	android:screenOrientation
		ADDED from src\main\AndroidManifest.xml:163:13-49
	android:label
		ADDED from src\main\AndroidManifest.xml:162:13-50
	android:hardwareAccelerated
		ADDED from src\main\AndroidManifest.xml:161:13-47
	android:name
		ADDED from src\main\AndroidManifest.xml:160:13-81
activity#com.artgaller.reader.activity.NewBooksListActivity
ADDED from src\main\AndroidManifest.xml:165:9-170:20
	android:screenOrientation
		ADDED from src\main\AndroidManifest.xml:169:13-49
	android:label
		ADDED from src\main\AndroidManifest.xml:168:13-50
	android:hardwareAccelerated
		ADDED from src\main\AndroidManifest.xml:167:13-47
	android:name
		ADDED from src\main\AndroidManifest.xml:166:13-78
activity#com.artgaller.reader.activity.NewBooksMainActivity
ADDED from src\main\AndroidManifest.xml:171:9-177:20
	android:screenOrientation
		ADDED from src\main\AndroidManifest.xml:175:13-49
	android:label
		ADDED from src\main\AndroidManifest.xml:174:13-50
	android:hardwareAccelerated
		ADDED from src\main\AndroidManifest.xml:173:13-47
	android:windowSoftInputMode
		ADDED from src\main\AndroidManifest.xml:176:13-64
	android:name
		ADDED from src\main\AndroidManifest.xml:172:13-78
activity#com.artgaller.reader.activity.PublicClassListActivity
ADDED from src\main\AndroidManifest.xml:178:9-183:20
	android:screenOrientation
		ADDED from src\main\AndroidManifest.xml:182:13-49
	android:label
		ADDED from src\main\AndroidManifest.xml:181:13-50
	android:hardwareAccelerated
		ADDED from src\main\AndroidManifest.xml:180:13-47
	android:name
		ADDED from src\main\AndroidManifest.xml:179:13-81
activity#com.artgaller.reader.activity.PublicClassMainActivity
ADDED from src\main\AndroidManifest.xml:184:9-190:20
	android:screenOrientation
		ADDED from src\main\AndroidManifest.xml:188:13-49
	android:label
		ADDED from src\main\AndroidManifest.xml:187:13-50
	android:hardwareAccelerated
		ADDED from src\main\AndroidManifest.xml:186:13-47
	android:windowSoftInputMode
		ADDED from src\main\AndroidManifest.xml:189:13-64
	android:name
		ADDED from src\main\AndroidManifest.xml:185:13-81
activity#com.artgaller.reader.activity.PublicClassContentActivity
ADDED from src\main\AndroidManifest.xml:191:9-196:20
	android:screenOrientation
		ADDED from src\main\AndroidManifest.xml:195:13-49
	android:label
		ADDED from src\main\AndroidManifest.xml:194:13-50
	android:hardwareAccelerated
		ADDED from src\main\AndroidManifest.xml:193:13-47
	android:name
		ADDED from src\main\AndroidManifest.xml:192:13-84
activity#com.artgaller.reader.activity.KeChengXiangxiActivity
ADDED from src\main\AndroidManifest.xml:197:9-202:20
	android:screenOrientation
		ADDED from src\main\AndroidManifest.xml:201:13-49
	android:label
		ADDED from src\main\AndroidManifest.xml:200:13-50
	android:hardwareAccelerated
		ADDED from src\main\AndroidManifest.xml:199:13-47
	android:name
		ADDED from src\main\AndroidManifest.xml:198:13-80
activity#com.artgaller.reader.activity.DownloadManageActivity
ADDED from src\main\AndroidManifest.xml:203:9-208:20
	android:screenOrientation
		ADDED from src\main\AndroidManifest.xml:207:13-49
	android:label
		ADDED from src\main\AndroidManifest.xml:206:13-50
	android:hardwareAccelerated
		ADDED from src\main\AndroidManifest.xml:205:13-47
	android:name
		ADDED from src\main\AndroidManifest.xml:204:13-80
activity#com.artgaller.reader.activity.KeChengManageActivity
ADDED from src\main\AndroidManifest.xml:209:9-214:20
	android:screenOrientation
		ADDED from src\main\AndroidManifest.xml:213:13-49
	android:label
		ADDED from src\main\AndroidManifest.xml:212:13-50
	android:hardwareAccelerated
		ADDED from src\main\AndroidManifest.xml:211:13-47
	android:name
		ADDED from src\main\AndroidManifest.xml:210:13-79
activity#com.artgaller.reader.activity.AboutActivity
ADDED from src\main\AndroidManifest.xml:215:9-220:20
	android:screenOrientation
		ADDED from src\main\AndroidManifest.xml:219:13-49
	android:label
		ADDED from src\main\AndroidManifest.xml:218:13-50
	android:hardwareAccelerated
		ADDED from src\main\AndroidManifest.xml:217:13-47
	android:name
		ADDED from src\main\AndroidManifest.xml:216:13-71
activity#com.artgaller.reader.activity.HuoDoFngListActivity
ADDED from src\main\AndroidManifest.xml:221:9-225:20
	android:screenOrientation
		ADDED from src\main\AndroidManifest.xml:224:13-49
	android:label
		ADDED from src\main\AndroidManifest.xml:223:13-50
	android:name
		ADDED from src\main\AndroidManifest.xml:222:13-78
activity#com.artgaller.reader.activity.FaQiHuoDongActivity
ADDED from src\main\AndroidManifest.xml:226:9-230:20
	android:screenOrientation
		ADDED from src\main\AndroidManifest.xml:229:13-49
	android:label
		ADDED from src\main\AndroidManifest.xml:228:13-50
	android:name
		ADDED from src\main\AndroidManifest.xml:227:13-77
activity#com.artgaller.reader.activity.MyHuoDongListActivity
ADDED from src\main\AndroidManifest.xml:231:9-235:20
	android:screenOrientation
		ADDED from src\main\AndroidManifest.xml:234:13-49
	android:label
		ADDED from src\main\AndroidManifest.xml:233:13-50
	android:name
		ADDED from src\main\AndroidManifest.xml:232:13-79
activity#com.artgaller.reader.activity.HuoDongDetailsActivity
ADDED from src\main\AndroidManifest.xml:236:9-240:20
	android:screenOrientation
		ADDED from src\main\AndroidManifest.xml:239:13-49
	android:label
		ADDED from src\main\AndroidManifest.xml:238:13-50
	android:name
		ADDED from src\main\AndroidManifest.xml:237:13-80
activity#com.artgaller.reader.activity.ZhiChangListActivity
ADDED from src\main\AndroidManifest.xml:241:9-245:20
	android:screenOrientation
		ADDED from src\main\AndroidManifest.xml:244:13-49
	android:label
		ADDED from src\main\AndroidManifest.xml:243:13-50
	android:name
		ADDED from src\main\AndroidManifest.xml:242:13-78
activity#com.artgaller.reader.activity.ZhiChangDetailsActivity
ADDED from src\main\AndroidManifest.xml:246:9-250:20
	android:screenOrientation
		ADDED from src\main\AndroidManifest.xml:249:13-49
	android:label
		ADDED from src\main\AndroidManifest.xml:248:13-50
	android:name
		ADDED from src\main\AndroidManifest.xml:247:13-81
activity#com.artgaller.reader.activity.WebActivity
ADDED from src\main\AndroidManifest.xml:251:9-255:20
	android:screenOrientation
		ADDED from src\main\AndroidManifest.xml:254:13-49
	android:label
		ADDED from src\main\AndroidManifest.xml:253:13-50
	android:name
		ADDED from src\main\AndroidManifest.xml:252:13-69
activity#com.artgaller.reader.activity.MyZhiChangListActivity
ADDED from src\main\AndroidManifest.xml:256:9-260:20
	android:screenOrientation
		ADDED from src\main\AndroidManifest.xml:259:13-49
	android:label
		ADDED from src\main\AndroidManifest.xml:258:13-50
	android:name
		ADDED from src\main\AndroidManifest.xml:257:13-80
activity#com.artgaller.reader.activity.ImagePagerActivity
ADDED from src\main\AndroidManifest.xml:261:9-265:20
	android:screenOrientation
		ADDED from src\main\AndroidManifest.xml:264:13-49
	android:label
		ADDED from src\main\AndroidManifest.xml:263:13-50
	android:name
		ADDED from src\main\AndroidManifest.xml:262:13-76
activity#com.artgaller.reader.activity.CustomMenuActivity
ADDED from src\main\AndroidManifest.xml:266:9-270:20
	android:screenOrientation
		ADDED from src\main\AndroidManifest.xml:269:13-49
	android:label
		ADDED from src\main\AndroidManifest.xml:268:13-50
	android:name
		ADDED from src\main\AndroidManifest.xml:267:13-76
activity#com.artgaller.reader.activity.ChangeBGActivity
ADDED from src\main\AndroidManifest.xml:271:9-275:20
	android:screenOrientation
		ADDED from src\main\AndroidManifest.xml:274:13-49
	android:label
		ADDED from src\main\AndroidManifest.xml:273:13-50
	android:name
		ADDED from src\main\AndroidManifest.xml:272:13-74
activity#com.artgaller.epub.LEDActivity
ADDED from src\main\AndroidManifest.xml:276:9-280:20
	android:screenOrientation
		ADDED from src\main\AndroidManifest.xml:279:13-49
	android:label
		ADDED from src\main\AndroidManifest.xml:278:13-45
	android:name
		ADDED from src\main\AndroidManifest.xml:277:13-58
activity#com.artgaller.epub.Turnmain3
ADDED from src\main\AndroidManifest.xml:281:9-286:20
	android:screenOrientation
		ADDED from src\main\AndroidManifest.xml:284:13-49
	android:label
		ADDED from src\main\AndroidManifest.xml:283:13-61
	android:theme
		ADDED from src\main\AndroidManifest.xml:285:13-60
	android:name
		ADDED from src\main\AndroidManifest.xml:282:13-56
activity#com.artgaller.epub.ChapterList
ADDED from src\main\AndroidManifest.xml:287:9-290:20
	android:screenOrientation
		ADDED from src\main\AndroidManifest.xml:289:13-49
	android:name
		ADDED from src\main\AndroidManifest.xml:288:13-58
activity#com.artgaller.epub.MenuTopActivity
ADDED from src\main\AndroidManifest.xml:291:9-295:20
	android:screenOrientation
		ADDED from src\main\AndroidManifest.xml:294:13-49
	android:label
		ADDED from src\main\AndroidManifest.xml:293:13-60
	android:name
		ADDED from src\main\AndroidManifest.xml:292:13-62
activity#com.artgaller.epub.MenuBottomActivity
ADDED from src\main\AndroidManifest.xml:296:9-300:20
	android:screenOrientation
		ADDED from src\main\AndroidManifest.xml:299:13-49
	android:label
		ADDED from src\main\AndroidManifest.xml:298:13-63
	android:name
		ADDED from src\main\AndroidManifest.xml:297:13-65
activity#com.artgaller.epub.Turnpage1
ADDED from src\main\AndroidManifest.xml:301:9-305:20
	android:screenOrientation
		ADDED from src\main\AndroidManifest.xml:304:13-49
	android:label
		ADDED from src\main\AndroidManifest.xml:303:13-61
	android:name
		ADDED from src\main\AndroidManifest.xml:302:13-56
activity#com.artgaller.epub.Turnpage2
ADDED from src\main\AndroidManifest.xml:306:9-310:20
	android:screenOrientation
		ADDED from src\main\AndroidManifest.xml:309:13-49
	android:label
		ADDED from src\main\AndroidManifest.xml:308:13-61
	android:name
		ADDED from src\main\AndroidManifest.xml:307:13-56
activity#com.artgaller.epub.Turnpage3
ADDED from src\main\AndroidManifest.xml:311:9-315:20
	android:screenOrientation
		ADDED from src\main\AndroidManifest.xml:314:13-49
	android:label
		ADDED from src\main\AndroidManifest.xml:313:13-61
	android:name
		ADDED from src\main\AndroidManifest.xml:312:13-56
activity#com.artgaller.epub.Test1
ADDED from src\main\AndroidManifest.xml:316:9-320:20
	android:screenOrientation
		ADDED from src\main\AndroidManifest.xml:319:13-49
	android:label
		ADDED from src\main\AndroidManifest.xml:318:13-57
	android:name
		ADDED from src\main\AndroidManifest.xml:317:13-52
activity#com.artgaller.epub.SBjump
ADDED from src\main\AndroidManifest.xml:321:9-326:20
	android:screenOrientation
		ADDED from src\main\AndroidManifest.xml:324:13-49
	android:label
		ADDED from src\main\AndroidManifest.xml:323:13-58
	android:theme
		ADDED from src\main\AndroidManifest.xml:325:13-48
	android:name
		ADDED from src\main\AndroidManifest.xml:322:13-53
activity#com.artgaller.epub.Setup
ADDED from src\main\AndroidManifest.xml:327:9-332:20
	android:screenOrientation
		ADDED from src\main\AndroidManifest.xml:330:13-49
	android:label
		ADDED from src\main\AndroidManifest.xml:329:13-57
	android:theme
		ADDED from src\main\AndroidManifest.xml:331:13-48
	android:name
		ADDED from src\main\AndroidManifest.xml:328:13-52
activity#com.artgaller.reader.activity.Exit
ADDED from src\main\AndroidManifest.xml:333:9-337:20
	android:screenOrientation
		ADDED from src\main\AndroidManifest.xml:335:13-49
	android:theme
		ADDED from src\main\AndroidManifest.xml:336:13-49
	android:name
		ADDED from src\main\AndroidManifest.xml:334:13-62
activity#com.artgaller.reader.activity.HuoDongActivity
ADDED from src\main\AndroidManifest.xml:338:9-342:20
	android:screenOrientation
		ADDED from src\main\AndroidManifest.xml:340:13-49
	android:name
		ADDED from src\main\AndroidManifest.xml:339:13-73
activity#com.artgaller.reader.activity.PingBiActivity
ADDED from src\main\AndroidManifest.xml:343:9-347:20
	android:screenOrientation
		ADDED from src\main\AndroidManifest.xml:345:13-49
	android:name
		ADDED from src\main\AndroidManifest.xml:344:13-72
activity#com.artgaller.reader.activity.DownloadActivity
ADDED from src\main\AndroidManifest.xml:348:9-352:20
	android:screenOrientation
		ADDED from src\main\AndroidManifest.xml:350:13-49
	android:name
		ADDED from src\main\AndroidManifest.xml:349:13-74
activity#com.artgaller.reader.activity.ChooseVideoActivity
ADDED from src\main\AndroidManifest.xml:353:9-357:20
	android:screenOrientation
		ADDED from src\main\AndroidManifest.xml:355:13-49
	android:name
		ADDED from src\main\AndroidManifest.xml:354:13-77
service#com.artgaller.reader.utils.UpdataAPK
ADDED from src\main\AndroidManifest.xml:359:9-360:19
	android:name
		ADDED from src\main\AndroidManifest.xml:359:18-69
receiver#com.ta.util.netstate.TANetworkStateReceiver
ADDED from src\main\AndroidManifest.xml:362:9-367:20
	android:name
		ADDED from src\main\AndroidManifest.xml:362:19-77
intent-filter#android.net.conn.CONNECTIVITY_CHANGE+ta.android.net.conn.CONNECTIVITY_CHANGE
ADDED from src\main\AndroidManifest.xml:363:13-366:29
action#android.net.conn.CONNECTIVITY_CHANGE
ADDED from src\main\AndroidManifest.xml:364:17-79
	android:name
		ADDED from src\main\AndroidManifest.xml:364:25-76
action#ta.android.net.conn.CONNECTIVITY_CHANGE
ADDED from src\main\AndroidManifest.xml:365:17-82
	android:name
		ADDED from src\main\AndroidManifest.xml:365:25-79
meta-data#UMENG_APPKEY
ADDED from src\main\AndroidManifest.xml:369:9-101
	android:value
		ADDED from src\main\AndroidManifest.xml:369:20-60
	android:name
		ADDED from src\main\AndroidManifest.xml:369:61-88
meta-data#UMENG_CHANNEL
ADDED from src\main\AndroidManifest.xml:370:9-77
	android:value
		ADDED from src\main\AndroidManifest.xml:370:20-46
	android:name
		ADDED from src\main\AndroidManifest.xml:370:47-75
android:uses-permission#android.permission.READ_EXTERNAL_STORAGE
IMPLIED from src\main\AndroidManifest.xml:2:1-373:12 reason: com.zhy.http.okhttp requested WRITE_EXTERNAL_STORAGE